

-----------------------------------------
23:24:37.020 : Starting log.
23:24:37.020 INFO : Cataclysm DDA version 0.E-3
23:24:37.021 INFO : SDL version used during compile is 2.0.12
23:24:37.021 INFO : SDL version used during linking and in runtime is 2.0.14
23:24:37.097 INFO : Number of render drivers on your system: 3
23:24:37.097 INFO : Render driver: 0/opengl
23:24:37.097 INFO : Render driver: 1/opengles2
23:24:37.097 INFO : Render driver: 2/software
23:24:37.117 INFO : Active renderer: 2/software
23:24:37.154 INFO : USE_COLOR_MODULATED_TEXTURES is set to 0
23:24:37.522 WARNING : opendir [/home/justin/.local/share/cataclysm-dda/mods/] failed with "No such file or directory".
23:24:55.739 WARNING : opendir [/home/justin/.local/share/cataclysm-dda/save/Arnold/mods] failed with "No such file or directory".
23:24:58.810 INFO : Loaded tileset: retrodays
23:25:27.717 : Log shutdown.
-----------------------------------------



-----------------------------------------
23:25:35.248 : Starting log.
23:25:35.248 INFO : Cataclysm DDA version 0.E-3
23:25:35.571 WARNING : opendir [/home/justin/.local/share/cataclysm-dda/mods/] failed with "No such file or directory".
