[2022-04-08 14:31:41.352] [renderer1] [critical] Extension 'ms-python.python' wants API proposal 'languageStatus' but that proposal DOES NOT EXIST. Likely, the proposal has been finalized (check 'vscode.d.ts') or was abandoned.
[2022-04-08 14:31:41.352] [renderer1] [critical] Extension 'ms-python.python CANNOT USE these API proposals 'quickPickSortByLabel, testObserver, notebookEditor'. You MUST start in extension development mode or use the --enable-proposed-api command line flag
[2022-04-08 14:31:41.352] [renderer1] [critical] Extension 'ms-toolsai.jupyter CANNOT USE these API proposals 'notebookConcatTextDocument, notebookControllerKind, notebookDebugOptions, notebookDeprecated, notebookEditor, notebookEditorDecorationType, notebookEditorEdit, notebookMessaging, notebookMime, notebookCellExecutionState, portsAttributes, textDocumentNotebook, quickPickSortByLabel'. You MUST start in extension development mode or use the --enable-proposed-api command line flag
[2022-04-08 14:31:41.361] [renderer1] [info] Ignoring configured affinity for 'pub.name' because the extension is unknown or cannot execute.
[2022-04-08 14:31:41.480] [renderer1] [error] [ms-toolsai.jupyter]: interactive/toolbar is a proposed menu identifier. It requires 'package.json#enabledApiProposals: ["notebookEditor"]' and is only available when running out of dev or with the following command line switch: --enable-proposed-api ms-toolsai.jupyter
[2022-04-08 14:31:41.480] [renderer1] [error] [ms-toolsai.jupyter]: interactive/cell/title is a proposed menu identifier. It requires 'package.json#enabledApiProposals: ["notebookEditor"]' and is only available when running out of dev or with the following command line switch: --enable-proposed-api ms-toolsai.jupyter
[2022-04-08 14:31:41.564] [renderer1] [info] Ignoring configured affinity for 'pub.name' because the extension is unknown or cannot execute.
[2022-04-08 14:31:44.204] [renderer1] [error] [Extension Host] extension activation failed Error: Extension 'ms-toolsai.jupyter' CANNOT use API proposal: notebookEditor.
Its package.json#enabledApiProposals-property declares:  but NOT notebookEditor.
 The missing proposal MUST be added and you must start in extension development mode or use the following command line switch: --enable-proposed-api ms-toolsai.jupyter
    at g (/usr/share/codium/resources/app/out/vs/workbench/api/node/extensionHostProcess.js:83:66154)
    at Object.onDidChangeCellMetadata (/usr/share/codium/resources/app/out/vs/workbench/api/node/extensionHostProcess.js:99:52439)
    at u.addEventHandlers (/home/justin/.vscode-oss/extensions/ms-toolsai.jupyter-2022.1.1301856528/out/client/extension.js:66:796055)
    at new u (/home/justin/.vscode-oss/extensions/ms-toolsai.jupyter-2022.1.1301856528/out/client/extension.js:66:794720)
    at Object.t.resolveInstance (/home/justin/.vscode-oss/extensions/ms-toolsai.jupyter-2022.1.1301856528/out/client/extension.js:66:238380)
    at /home/justin/.vscode-oss/extensions/ms-toolsai.jupyter-2022.1.1301856528/out/client/extension.js:66:237585
    at Array.map (<anonymous>)
    at Object.t.resolveInstance (/home/justin/.vscode-oss/extensions/ms-toolsai.jupyter-2022.1.1301856528/out/client/extension.js:66:238150)
    at /home/justin/.vscode-oss/extensions/ms-toolsai.jupyter-2022.1.1301856528/out/client/extension.js:66:237585
    at /home/justin/.vscode-oss/extensions/ms-toolsai.jupyter-2022.1.1301856528/out/client/extension.js:66:236533
    at Array.map (<anonymous>)
    at /home/justin/.vscode-oss/extensions/ms-toolsai.jupyter-2022.1.1301856528/out/client/extension.js:66:236505
    at Array.map (<anonymous>)
    at Object.t.resolveInstance (/home/justin/.vscode-oss/extensions/ms-toolsai.jupyter-2022.1.1301856528/out/client/extension.js:66:238150)
    at /home/justin/.vscode-oss/extensions/ms-toolsai.jupyter-2022.1.1301856528/out/client/extension.js:66:237585
    at Object.t.resolve (/home/justin/.vscode-oss/extensions/ms-toolsai.jupyter-2022.1.1301856528/out/client/extension.js:66:237848)
    at /home/justin/.vscode-oss/extensions/ms-toolsai.jupyter-2022.1.1301856528/out/client/extension.js:66:228945
    at e._get (/home/justin/.vscode-oss/extensions/ms-toolsai.jupyter-2022.1.1301856528/out/client/extension.js:66:228711)
    at e.get (/home/justin/.vscode-oss/extensions/ms-toolsai.jupyter-2022.1.1301856528/out/client/extension.js:66:227423)
    at a.get (/home/justin/.vscode-oss/extensions/ms-toolsai.jupyter-2022.1.1301856528/out/client/extension.js:124:61150)
    at /home/justin/.vscode-oss/extensions/ms-toolsai.jupyter-2022.1.1301856528/out/client/extension.js:66:276365
    at processTicksAndRejections (node:internal/process/task_queues:96:5)
    at /home/justin/.vscode-oss/extensions/ms-toolsai.jupyter-2022.1.1301856528/out/client/extension.js:51:786403
    at t.activate (/home/justin/.vscode-oss/extensions/ms-toolsai.jupyter-2022.1.1301856528/out/client/extension.js:51:786082)
    at g._activate (/usr/share/codium/resources/app/out/vs/workbench/api/node/extensionHostProcess.js:85:8154)
    at g._waitForDepsThenActivate (/usr/share/codium/resources/app/out/vs/workbench/api/node/extensionHostProcess.js:85:8096)
    at g._initialize (/usr/share/codium/resources/app/out/vs/workbench/api/node/extensionHostProcess.js:85:7460)
[2022-04-08 14:31:44.744] [renderer1] [error] ENOENT: no such file or directory, open '/home/justin/.config/VSCodium/User/globalStorage/vscodevim.vim/.registers': Error: ENOENT: no such file or directory, open '/home/justin/.config/VSCodium/User/globalStorage/vscodevim.vim/.registers'
[2022-04-08 14:31:46.233] [renderer1] [error] Extension 'ms-python.python' CANNOT use API proposal: testObserver.
Its package.json#enabledApiProposals-property declares:  but NOT testObserver.
 The missing proposal MUST be added and you must start in extension development mode or use the following command line switch: --enable-proposed-api ms-python.python: Error: Extension 'ms-python.python' CANNOT use API proposal: testObserver.
Its package.json#enabledApiProposals-property declares:  but NOT testObserver.
 The missing proposal MUST be added and you must start in extension development mode or use the following command line switch: --enable-proposed-api ms-python.python
    at g (/usr/share/codium/resources/app/out/vs/workbench/api/node/extensionHostProcess.js:83:66154)
    at Object.get testResults [as testResults] (/usr/share/codium/resources/app/out/vs/workbench/api/node/extensionHostProcess.js:99:33543)
    at w.activate (/home/justin/.vscode-oss/extensions/ms-python.python-2022.0.1814523869/out/client/extension.js:85:74805)
    at /home/justin/.vscode-oss/extensions/ms-python.python-2022.0.1814523869/out/client/extension.js:67:87919
    at Array.map (<anonymous>)
    at f.activateWorkspace (/home/justin/.vscode-oss/extensions/ms-python.python-2022.0.1814523869/out/client/extension.js:67:87910)
    at processTicksAndRejections (node:internal/process/task_queues:96:5)
