Telemetry level is off
Experiments are disabled, only manually opted experiments are active.
> conda info --json
> ~/.conda/bin/conda info --json
> ~/anaconda3/bin/conda info --json
> /bin/python ~/.vscode-oss/extensions/ms-python.python-2022.0.1814523869/pythonFiles/get_output_via_markers.py ~/.vscode-oss/extensions/ms-python.python-2022.0.1814523869/pythonFiles/interpreterInfo.py
> /bin/python3 ~/.vscode-oss/extensions/ms-python.python-2022.0.1814523869/pythonFiles/get_output_via_markers.py ~/.vscode-oss/extensions/ms-python.python-2022.0.1814523869/pythonFiles/interpreterInfo.py
> /usr/bin/python ~/.vscode-oss/extensions/ms-python.python-2022.0.1814523869/pythonFiles/get_output_via_markers.py ~/.vscode-oss/extensions/ms-python.python-2022.0.1814523869/pythonFiles/interpreterInfo.py
> /usr/bin/python3 ~/.vscode-oss/extensions/ms-python.python-2022.0.1814523869/pythonFiles/get_output_via_markers.py ~/.vscode-oss/extensions/ms-python.python-2022.0.1814523869/pythonFiles/interpreterInfo.py
> ~/anaconda3/bin/python ~/.vscode-oss/extensions/ms-python.python-2022.0.1814523869/pythonFiles/get_output_via_markers.py ~/.vscode-oss/extensions/ms-python.python-2022.0.1814523869/pythonFiles/interpreterInfo.py
[ERROR 2022-3-8 14:31:45.212]: [
  'Failed to activate a workspace, Class name = f, completed in 1062ms, has a falsy return value, Arg 1: <Uri:/home/justin/Documents/Pr/python/vetcalc>, Return Value: undefined',
  Error: Extension 'ms-python.python' CANNOT use API proposal: testObserver.
  Its package.json#enabledApiProposals-property declares:  but NOT testObserver.
   The missing proposal MUST be added and you must start in extension development mode or use the following command line switch: --enable-proposed-api ms-python.python
      at g (/usr/share/codium/resources/app/out/vs/workbench/api/node/extensionHostProcess.js:83:66154)
      at Object.get testResults [as testResults] (/usr/share/codium/resources/app/out/vs/workbench/api/node/extensionHostProcess.js:99:33543)
      at w.activate (/home/justin/.vscode-oss/extensions/ms-python.python-2022.0.1814523869/out/client/extension.js:85:74805)
      at /home/justin/.vscode-oss/extensions/ms-python.python-2022.0.1814523869/out/client/extension.js:67:87919
      at Array.map (<anonymous>)
      at f.activateWorkspace (/home/justin/.vscode-oss/extensions/ms-python.python-2022.0.1814523869/out/client/extension.js:67:87910)
      at processTicksAndRejections (node:internal/process/task_queues:96:5)
]
[ERROR 2022-3-8 14:31:45.226]: Failure during activation. Error: Extension 'ms-python.python' CANNOT use API proposal: testObserver.
Its package.json#enabledApiProposals-property declares:  but NOT testObserver.
 The missing proposal MUST be added and you must start in extension development mode or use the following command line switch: --enable-proposed-api ms-python.python
    at g (/usr/share/codium/resources/app/out/vs/workbench/api/node/extensionHostProcess.js:83:66154)
    at Object.get testResults [as testResults] (/usr/share/codium/resources/app/out/vs/workbench/api/node/extensionHostProcess.js:99:33543)
    at w.activate (/home/justin/.vscode-oss/extensions/ms-python.python-2022.0.1814523869/out/client/extension.js:85:74805)
    at /home/justin/.vscode-oss/extensions/ms-python.python-2022.0.1814523869/out/client/extension.js:67:87919
    at Array.map (<anonymous>)
    at f.activateWorkspace (/home/justin/.vscode-oss/extensions/ms-python.python-2022.0.1814523869/out/client/extension.js:67:87910)
    at processTicksAndRejections (node:internal/process/task_queues:96:5)
[ERROR 2022-3-8 14:31:45.226]: sendStartupTelemetry() failed. Error: Extension 'ms-python.python' CANNOT use API proposal: testObserver.
Its package.json#enabledApiProposals-property declares:  but NOT testObserver.
 The missing proposal MUST be added and you must start in extension development mode or use the following command line switch: --enable-proposed-api ms-python.python
    at g (/usr/share/codium/resources/app/out/vs/workbench/api/node/extensionHostProcess.js:83:66154)
    at Object.get testResults [as testResults] (/usr/share/codium/resources/app/out/vs/workbench/api/node/extensionHostProcess.js:99:33543)
    at w.activate (/home/justin/.vscode-oss/extensions/ms-python.python-2022.0.1814523869/out/client/extension.js:85:74805)
    at /home/justin/.vscode-oss/extensions/ms-python.python-2022.0.1814523869/out/client/extension.js:67:87919
    at Array.map (<anonymous>)
    at f.activateWorkspace (/home/justin/.vscode-oss/extensions/ms-python.python-2022.0.1814523869/out/client/extension.js:67:87910)
    at processTicksAndRejections (node:internal/process/task_queues:96:5)
Python interpreter path: /bin/python3
Starting Jedi language server.
