VSCodium (1.66.0, undefined, desktop)
Jupyter Extension Version: 2022.1.1301856528.
Python Extension Version: 2022.0.1814523869.
Info 14:31:43: ZMQ install verified.
Error 14:31:44: extension activation failed Error: Extension 'ms-toolsai.jupyter' CANNOT use API proposal: notebookEditor.
Its package.json#enabledApiProposals-property declares:  but NOT notebookEditor.
 The missing proposal MUST be added and you must start in extension development mode or use the following command line switch: --enable-proposed-api ms-toolsai.jupyter
    at g (/usr/share/codium/resources/app/out/vs/workbench/api/node/extensionHostProcess.js:83:66154)
    at Object.onDidChangeCellMetadata (/usr/share/codium/resources/app/out/vs/workbench/api/node/extensionHostProcess.js:99:52439)
    at u.addEventHandlers (/home/justin/.vscode-oss/extensions/ms-toolsai.jupyter-2022.1.1301856528/out/client/extension.js:66:796055)
    at new u (/home/justin/.vscode-oss/extensions/ms-toolsai.jupyter-2022.1.1301856528/out/client/extension.js:66:794720)
    at Object.t.resolveInstance (/home/justin/.vscode-oss/extensions/ms-toolsai.jupyter-2022.1.1301856528/out/client/extension.js:66:238380)
    at /home/justin/.vscode-oss/extensions/ms-toolsai.jupyter-2022.1.1301856528/out/client/extension.js:66:237585
    at Array.map (<anonymous>)
    at Object.t.resolveInstance (/home/justin/.vscode-oss/extensions/ms-toolsai.jupyter-2022.1.1301856528/out/client/extension.js:66:238150)
    at /home/justin/.vscode-oss/extensions/ms-toolsai.jupyter-2022.1.1301856528/out/client/extension.js:66:237585
    at /home/justin/.vscode-oss/extensions/ms-toolsai.jupyter-2022.1.1301856528/out/client/extension.js:66:236533
    at Array.map (<anonymous>)
    at /home/justin/.vscode-oss/extensions/ms-toolsai.jupyter-2022.1.1301856528/out/client/extension.js:66:236505
    at Array.map (<anonymous>)
    at Object.t.resolveInstance (/home/justin/.vscode-oss/extensions/ms-toolsai.jupyter-2022.1.1301856528/out/client/extension.js:66:238150)
    at /home/justin/.vscode-oss/extensions/ms-toolsai.jupyter-2022.1.1301856528/out/client/extension.js:66:237585
    at Object.t.resolve (/home/justin/.vscode-oss/extensions/ms-toolsai.jupyter-2022.1.1301856528/out/client/extension.js:66:237848)
    at /home/justin/.vscode-oss/extensions/ms-toolsai.jupyter-2022.1.1301856528/out/client/extension.js:66:228945
    at e._get (/home/justin/.vscode-oss/extensions/ms-toolsai.jupyter-2022.1.1301856528/out/client/extension.js:66:228711)
    at e.get (/home/justin/.vscode-oss/extensions/ms-toolsai.jupyter-2022.1.1301856528/out/client/extension.js:66:227423)
    at a.get (/home/justin/.vscode-oss/extensions/ms-toolsai.jupyter-2022.1.1301856528/out/client/extension.js:124:61150)
    at /home/justin/.vscode-oss/extensions/ms-toolsai.jupyter-2022.1.1301856528/out/client/extension.js:66:276365
    at processTicksAndRejections (node:internal/process/task_queues:96:5)
    at /home/justin/.vscode-oss/extensions/ms-toolsai.jupyter-2022.1.1301856528/out/client/extension.js:51:786403
    at t.activate (/home/justin/.vscode-oss/extensions/ms-toolsai.jupyter-2022.1.1301856528/out/client/extension.js:51:786082)
    at g._activate (/usr/share/codium/resources/app/out/vs/workbench/api/node/extensionHostProcess.js:85:8154)
    at g._waitForDepsThenActivate (/usr/share/codium/resources/app/out/vs/workbench/api/node/extensionHostProcess.js:85:8096)
    at g._initialize (/usr/share/codium/resources/app/out/vs/workbench/api/node/extensionHostProcess.js:85:7460)
Error 14:31:44: Failed to active the Jupyter Extension Error: Extension 'ms-toolsai.jupyter' CANNOT use API proposal: notebookEditor.
Its package.json#enabledApiProposals-property declares:  but NOT notebookEditor.
 The missing proposal MUST be added and you must start in extension development mode or use the following command line switch: --enable-proposed-api ms-toolsai.jupyter
    at g (/usr/share/codium/resources/app/out/vs/workbench/api/node/extensionHostProcess.js:83:66154)
    at Object.onDidChangeCellMetadata (/usr/share/codium/resources/app/out/vs/workbench/api/node/extensionHostProcess.js:99:52439)
    at u.addEventHandlers (/home/justin/.vscode-oss/extensions/ms-toolsai.jupyter-2022.1.1301856528/out/client/extension.js:66:796055)
    at new u (/home/justin/.vscode-oss/extensions/ms-toolsai.jupyter-2022.1.1301856528/out/client/extension.js:66:794720)
    at Object.t.resolveInstance (/home/justin/.vscode-oss/extensions/ms-toolsai.jupyter-2022.1.1301856528/out/client/extension.js:66:238380)
    at /home/justin/.vscode-oss/extensions/ms-toolsai.jupyter-2022.1.1301856528/out/client/extension.js:66:237585
    at Array.map (<anonymous>)
    at Object.t.resolveInstance (/home/justin/.vscode-oss/extensions/ms-toolsai.jupyter-2022.1.1301856528/out/client/extension.js:66:238150)
    at /home/justin/.vscode-oss/extensions/ms-toolsai.jupyter-2022.1.1301856528/out/client/extension.js:66:237585
    at /home/justin/.vscode-oss/extensions/ms-toolsai.jupyter-2022.1.1301856528/out/client/extension.js:66:236533
    at Array.map (<anonymous>)
    at /home/justin/.vscode-oss/extensions/ms-toolsai.jupyter-2022.1.1301856528/out/client/extension.js:66:236505
    at Array.map (<anonymous>)
    at Object.t.resolveInstance (/home/justin/.vscode-oss/extensions/ms-toolsai.jupyter-2022.1.1301856528/out/client/extension.js:66:238150)
    at /home/justin/.vscode-oss/extensions/ms-toolsai.jupyter-2022.1.1301856528/out/client/extension.js:66:237585
    at Object.t.resolve (/home/justin/.vscode-oss/extensions/ms-toolsai.jupyter-2022.1.1301856528/out/client/extension.js:66:237848)
    at /home/justin/.vscode-oss/extensions/ms-toolsai.jupyter-2022.1.1301856528/out/client/extension.js:66:228945
    at e._get (/home/justin/.vscode-oss/extensions/ms-toolsai.jupyter-2022.1.1301856528/out/client/extension.js:66:228711)
    at e.get (/home/justin/.vscode-oss/extensions/ms-toolsai.jupyter-2022.1.1301856528/out/client/extension.js:66:227423)
    at a.get (/home/justin/.vscode-oss/extensions/ms-toolsai.jupyter-2022.1.1301856528/out/client/extension.js:124:61150)
    at /home/justin/.vscode-oss/extensions/ms-toolsai.jupyter-2022.1.1301856528/out/client/extension.js:66:276365
    at processTicksAndRejections (node:internal/process/task_queues:96:5)
    at /home/justin/.vscode-oss/extensions/ms-toolsai.jupyter-2022.1.1301856528/out/client/extension.js:51:786403
    at t.activate (/home/justin/.vscode-oss/extensions/ms-toolsai.jupyter-2022.1.1301856528/out/client/extension.js:51:786082)
    at g._activate (/usr/share/codium/resources/app/out/vs/workbench/api/node/extensionHostProcess.js:85:8154)
    at g._waitForDepsThenActivate (/usr/share/codium/resources/app/out/vs/workbench/api/node/extensionHostProcess.js:85:8096)
    at g._initialize (/usr/share/codium/resources/app/out/vs/workbench/api/node/extensionHostProcess.js:85:7460)
